

*******************************************************************************
Tue Feb 16 01:15:13 2021


FIT:    data read from 'data/kalibrace_magnetu_Hallova_sonda.dat'     using 1:($2/10)
        format = x:z
        #datapoints = 32
        residuals are weighted equally (unit weight)

function used for fitting: B(x)
	B(x) = a1*x + (x > c1 ? a2*(x-c1) : 0) + (x > c2 ? a3*(x-c2) : 0)
fitted parameters initialized with current variable values

iter      chisq       delta/lim  lambda   a1            a2            a3            c1            c2           
   0 1.3412649000e-03   0.00e+00  3.41e-01    8.000000e-02  -3.000000e-02  -2.000000e-02   8.900000e+00   1.110000e+01
   5 3.6350107079e-04  -8.77e-06  3.41e-06    8.082001e-02  -3.004940e-02  -2.261916e-02   8.883574e+00   1.111819e+01

After 5 iterations the fit converged.
final sum of squares of residuals : 0.000363501
rel. change during last iteration : -8.77447e-11

degrees of freedom    (FIT_NDF)                        : 27
rms of residuals      (FIT_STDFIT) = sqrt(WSSR/ndf)    : 0.0036692
variance of residuals (reduced chisquare) = WSSR/ndf   : 1.3463e-05

Final set of parameters            Asymptotic Standard Error
=======================            ==========================
a1              = 0.08082          +/- 0.0001646    (0.2037%)
a2              = -0.0300494       +/- 0.002223     (7.398%)
a3              = -0.0226192       +/- 0.002437     (10.78%)
c1              = 8.88357          +/- 0.1035       (1.165%)
c2              = 11.1182          +/- 0.1692       (1.522%)

correlation matrix of the fit parameters:
                a1     a2     a3     c1     c2     
a1              1.000 
a2             -0.074  1.000 
a3             -0.000 -0.907  1.000 
c1             -0.470 -0.703  0.673  1.000 
c2             -0.000 -0.691  0.417  0.324  1.000 


*******************************************************************************
Tue Feb 16 01:19:06 2021


FIT:    data read from 'data/kalibrace_magnetu_Hallova_sonda.dat'     using 1:($2/10)
        format = x:z
        #datapoints = 32
        residuals are weighted equally (unit weight)

function used for fitting: B(x)
	B(x) = a1*x + (x > c1 ? a2*(x-c1) : 0) + (x > c2 ? a3*(x-c2) : 0)
fitted parameters initialized with current variable values

iter      chisq       delta/lim  lambda   a1            a2            a3            c1            c2           
   0 1.3412649000e-03   0.00e+00  3.41e-01    8.000000e-02  -3.000000e-02  -2.000000e-02   8.900000e+00   1.110000e+01
   5 3.6350107079e-04  -8.77e-06  3.41e-06    8.082001e-02  -3.004940e-02  -2.261916e-02   8.883574e+00   1.111819e+01

After 5 iterations the fit converged.
final sum of squares of residuals : 0.000363501
rel. change during last iteration : -8.77447e-11

degrees of freedom    (FIT_NDF)                        : 27
rms of residuals      (FIT_STDFIT) = sqrt(WSSR/ndf)    : 0.0036692
variance of residuals (reduced chisquare) = WSSR/ndf   : 1.3463e-05

Final set of parameters            Asymptotic Standard Error
=======================            ==========================
a1              = 0.08082          +/- 0.0001646    (0.2037%)
a2              = -0.0300494       +/- 0.002223     (7.398%)
a3              = -0.0226192       +/- 0.002437     (10.78%)
c1              = 8.88357          +/- 0.1035       (1.165%)
c2              = 11.1182          +/- 0.1692       (1.522%)

correlation matrix of the fit parameters:
                a1     a2     a3     c1     c2     
a1              1.000 
a2             -0.074  1.000 
a3             -0.000 -0.907  1.000 
c1             -0.470 -0.703  0.673  1.000 
c2             -0.000 -0.691  0.417  0.324  1.000 


*******************************************************************************
Tue Feb 16 01:19:19 2021


FIT:    data read from 'data/kalibrace_magnetu_Hallova_sonda.dat'     using 1:($2/10)
        format = x:z
        #datapoints = 32
        residuals are weighted equally (unit weight)

function used for fitting: B(x)
	B(x) = a1*x + (x > c1 ? a2*(x-c1) : 0) + (x > c2 ? a3*(x-c2) : 0)
fitted parameters initialized with current variable values

iter      chisq       delta/lim  lambda   a1            a2            a3            c1            c2           
   0 1.3412649000e-03   0.00e+00  3.41e-01    8.000000e-02  -3.000000e-02  -2.000000e-02   8.900000e+00   1.110000e+01
   5 3.6350107079e-04  -8.77e-06  3.41e-06    8.082001e-02  -3.004940e-02  -2.261916e-02   8.883574e+00   1.111819e+01

After 5 iterations the fit converged.
final sum of squares of residuals : 0.000363501
rel. change during last iteration : -8.77447e-11

degrees of freedom    (FIT_NDF)                        : 27
rms of residuals      (FIT_STDFIT) = sqrt(WSSR/ndf)    : 0.0036692
variance of residuals (reduced chisquare) = WSSR/ndf   : 1.3463e-05

Final set of parameters            Asymptotic Standard Error
=======================            ==========================
a1              = 0.08082          +/- 0.0001646    (0.2037%)
a2              = -0.0300494       +/- 0.002223     (7.398%)
a3              = -0.0226192       +/- 0.002437     (10.78%)
c1              = 8.88357          +/- 0.1035       (1.165%)
c2              = 11.1182          +/- 0.1692       (1.522%)

correlation matrix of the fit parameters:
                a1     a2     a3     c1     c2     
a1              1.000 
a2             -0.074  1.000 
a3             -0.000 -0.907  1.000 
c1             -0.470 -0.703  0.673  1.000 
c2             -0.000 -0.691  0.417  0.324  1.000 


*******************************************************************************
Tue Feb 16 01:22:26 2021


FIT:    data read from 'data/kalibrace_magnetu_Hallova_sonda.dat'     using 1:($2/10)
        format = x:z
        #datapoints = 32
        residuals are weighted equally (unit weight)

function used for fitting: B(x)
	B(x) = a1*x + (x > c1 ? a2*(x-c1) : 0) + (x > c2 ? a3*(x-c2) : 0)
fitted parameters initialized with current variable values

iter      chisq       delta/lim  lambda   a1            a2            a3            c1            c2           
   0 1.3412649000e-03   0.00e+00  3.41e-01    8.000000e-02  -3.000000e-02  -2.000000e-02   8.900000e+00   1.110000e+01
   5 3.6350107079e-04  -8.77e-06  3.41e-06    8.082001e-02  -3.004940e-02  -2.261916e-02   8.883574e+00   1.111819e+01

After 5 iterations the fit converged.
final sum of squares of residuals : 0.000363501
rel. change during last iteration : -8.77447e-11

degrees of freedom    (FIT_NDF)                        : 27
rms of residuals      (FIT_STDFIT) = sqrt(WSSR/ndf)    : 0.0036692
variance of residuals (reduced chisquare) = WSSR/ndf   : 1.3463e-05

Final set of parameters            Asymptotic Standard Error
=======================            ==========================
a1              = 0.08082          +/- 0.0001646    (0.2037%)
a2              = -0.0300494       +/- 0.002223     (7.398%)
a3              = -0.0226192       +/- 0.002437     (10.78%)
c1              = 8.88357          +/- 0.1035       (1.165%)
c2              = 11.1182          +/- 0.1692       (1.522%)

correlation matrix of the fit parameters:
                a1     a2     a3     c1     c2     
a1              1.000 
a2             -0.074  1.000 
a3             -0.000 -0.907  1.000 
c1             -0.470 -0.703  0.673  1.000 
c2             -0.000 -0.691  0.417  0.324  1.000 


*******************************************************************************
Tue Feb 16 01:22:26 2021


FIT:    data read from 'data/kalibrace_magnetu_Hallova_sonda.dat'     using 1:($2/10)
        format = x:z
        #datapoints = 32
        residuals are weighted equally (unit weight)

function used for fitting: B(x)
	B(x) = a1*x + (x > c1 ? a2*(x-c1) : 0) + (x > c2 ? a3*(x-c2) : 0)
fitted parameters initialized with current variable values

iter      chisq       delta/lim  lambda   a1            a2            a3            c1            c2           
   0 1.3412649000e-03   0.00e+00  3.41e-01    8.000000e-02  -3.000000e-02  -2.000000e-02   8.900000e+00   1.110000e+01
   5 3.6350107079e-04  -8.77e-06  3.41e-06    8.082001e-02  -3.004940e-02  -2.261916e-02   8.883574e+00   1.111819e+01

After 5 iterations the fit converged.
final sum of squares of residuals : 0.000363501
rel. change during last iteration : -8.77447e-11

degrees of freedom    (FIT_NDF)                        : 27
rms of residuals      (FIT_STDFIT) = sqrt(WSSR/ndf)    : 0.0036692
variance of residuals (reduced chisquare) = WSSR/ndf   : 1.3463e-05

Final set of parameters            Asymptotic Standard Error
=======================            ==========================
a1              = 0.08082          +/- 0.0001646    (0.2037%)
a2              = -0.0300494       +/- 0.002223     (7.398%)
a3              = -0.0226192       +/- 0.002437     (10.78%)
c1              = 8.88357          +/- 0.1035       (1.165%)
c2              = 11.1182          +/- 0.1692       (1.522%)

correlation matrix of the fit parameters:
                a1     a2     a3     c1     c2     
a1              1.000 
a2             -0.074  1.000 
a3             -0.000 -0.907  1.000 
c1             -0.470 -0.703  0.673  1.000 
c2             -0.000 -0.691  0.417  0.324  1.000 


*******************************************************************************
Tue Feb 16 01:22:26 2021


FIT:    data read from 'zprac2/lambdas.csv' using (B($1)):($4*0.0484*1000)
        format = x:z
        #datapoints = 10
        residuals are weighted equally (unit weight)

function used for fitting: f(x)
	f(x) = a*x
fitted parameters initialized with current variable values

iter      chisq       delta/lim  lambda   a            
   0 1.7661070215e+03   0.00e+00  7.29e-01    1.000000e+00
   4 1.2113790552e+00  -4.40e-10  7.29e-05    1.922149e+01

After 4 iterations the fit converged.
final sum of squares of residuals : 1.21138
rel. change during last iteration : -4.39918e-15

degrees of freedom    (FIT_NDF)                        : 9
rms of residuals      (FIT_STDFIT) = sqrt(WSSR/ndf)    : 0.366876
variance of residuals (reduced chisquare) = WSSR/ndf   : 0.134598

Final set of parameters            Asymptotic Standard Error
=======================            ==========================
a               = 19.2215          +/- 0.1591       (0.8279%)


*******************************************************************************
Tue Feb 16 01:24:02 2021


FIT:    data read from 'data/kalibrace_magnetu_Hallova_sonda.dat'     using 1:($2/10)
        format = x:z
        #datapoints = 32
        residuals are weighted equally (unit weight)

function used for fitting: B(x)
	B(x) = a1*x + (x > c1 ? a2*(x-c1) : 0) + (x > c2 ? a3*(x-c2) : 0)
fitted parameters initialized with current variable values

iter      chisq       delta/lim  lambda   a1            a2            a3            c1            c2           
   0 1.3412649000e-03   0.00e+00  3.41e-01    8.000000e-02  -3.000000e-02  -2.000000e-02   8.900000e+00   1.110000e+01
   5 3.6350107079e-04  -8.77e-06  3.41e-06    8.082001e-02  -3.004940e-02  -2.261916e-02   8.883574e+00   1.111819e+01

After 5 iterations the fit converged.
final sum of squares of residuals : 0.000363501
rel. change during last iteration : -8.77447e-11

degrees of freedom    (FIT_NDF)                        : 27
rms of residuals      (FIT_STDFIT) = sqrt(WSSR/ndf)    : 0.0036692
variance of residuals (reduced chisquare) = WSSR/ndf   : 1.3463e-05

Final set of parameters            Asymptotic Standard Error
=======================            ==========================
a1              = 0.08082          +/- 0.0001646    (0.2037%)
a2              = -0.0300494       +/- 0.002223     (7.398%)
a3              = -0.0226192       +/- 0.002437     (10.78%)
c1              = 8.88357          +/- 0.1035       (1.165%)
c2              = 11.1182          +/- 0.1692       (1.522%)

correlation matrix of the fit parameters:
                a1     a2     a3     c1     c2     
a1              1.000 
a2             -0.074  1.000 
a3             -0.000 -0.907  1.000 
c1             -0.470 -0.703  0.673  1.000 
c2             -0.000 -0.691  0.417  0.324  1.000 


*******************************************************************************
Tue Feb 16 01:24:02 2021


FIT:    data read from 'data/kalibrace_magnetu_Hallova_sonda.dat'     using 1:($2/10)
        format = x:z
        #datapoints = 32
        residuals are weighted equally (unit weight)

function used for fitting: B(x)
	B(x) = a1*x + (x > c1 ? a2*(x-c1) : 0) + (x > c2 ? a3*(x-c2) : 0)
fitted parameters initialized with current variable values

iter      chisq       delta/lim  lambda   a1            a2            a3            c1            c2           
   0 1.3412649000e-03   0.00e+00  3.41e-01    8.000000e-02  -3.000000e-02  -2.000000e-02   8.900000e+00   1.110000e+01
   5 3.6350107079e-04  -8.77e-06  3.41e-06    8.082001e-02  -3.004940e-02  -2.261916e-02   8.883574e+00   1.111819e+01

After 5 iterations the fit converged.
final sum of squares of residuals : 0.000363501
rel. change during last iteration : -8.77447e-11

degrees of freedom    (FIT_NDF)                        : 27
rms of residuals      (FIT_STDFIT) = sqrt(WSSR/ndf)    : 0.0036692
variance of residuals (reduced chisquare) = WSSR/ndf   : 1.3463e-05

Final set of parameters            Asymptotic Standard Error
=======================            ==========================
a1              = 0.08082          +/- 0.0001646    (0.2037%)
a2              = -0.0300494       +/- 0.002223     (7.398%)
a3              = -0.0226192       +/- 0.002437     (10.78%)
c1              = 8.88357          +/- 0.1035       (1.165%)
c2              = 11.1182          +/- 0.1692       (1.522%)

correlation matrix of the fit parameters:
                a1     a2     a3     c1     c2     
a1              1.000 
a2             -0.074  1.000 
a3             -0.000 -0.907  1.000 
c1             -0.470 -0.703  0.673  1.000 
c2             -0.000 -0.691  0.417  0.324  1.000 


*******************************************************************************
Tue Feb 16 01:24:02 2021


FIT:    data read from 'zprac2/lambdas.csv' using (B($1)):($4*0.0484*1000)
        format = x:z
        #datapoints = 10
        residuals are weighted equally (unit weight)

function used for fitting: f(x)
	f(x) = a*x
fitted parameters initialized with current variable values

iter      chisq       delta/lim  lambda   a            
   0 1.7661070215e+03   0.00e+00  7.29e-01    1.000000e+00
   4 1.2113790552e+00  -4.40e-10  7.29e-05    1.922149e+01

After 4 iterations the fit converged.
final sum of squares of residuals : 1.21138
rel. change during last iteration : -4.39918e-15

degrees of freedom    (FIT_NDF)                        : 9
rms of residuals      (FIT_STDFIT) = sqrt(WSSR/ndf)    : 0.366876
variance of residuals (reduced chisquare) = WSSR/ndf   : 0.134598

Final set of parameters            Asymptotic Standard Error
=======================            ==========================
a               = 19.2215          +/- 0.1591       (0.8279%)


*******************************************************************************
Tue Feb 16 01:24:50 2021


FIT:    data read from 'data/kalibrace_magnetu_Hallova_sonda.dat'     using 1:($2/10)
        format = x:z
        #datapoints = 32
        residuals are weighted equally (unit weight)

function used for fitting: B(x)
	B(x) = a1*x + (x > c1 ? a2*(x-c1) : 0) + (x > c2 ? a3*(x-c2) : 0)
fitted parameters initialized with current variable values

iter      chisq       delta/lim  lambda   a1            a2            a3            c1            c2           
   0 1.3412649000e-03   0.00e+00  3.41e-01    8.000000e-02  -3.000000e-02  -2.000000e-02   8.900000e+00   1.110000e+01
   5 3.6350107079e-04  -8.77e-06  3.41e-06    8.082001e-02  -3.004940e-02  -2.261916e-02   8.883574e+00   1.111819e+01

After 5 iterations the fit converged.
final sum of squares of residuals : 0.000363501
rel. change during last iteration : -8.77447e-11

degrees of freedom    (FIT_NDF)                        : 27
rms of residuals      (FIT_STDFIT) = sqrt(WSSR/ndf)    : 0.0036692
variance of residuals (reduced chisquare) = WSSR/ndf   : 1.3463e-05

Final set of parameters            Asymptotic Standard Error
=======================            ==========================
a1              = 0.08082          +/- 0.0001646    (0.2037%)
a2              = -0.0300494       +/- 0.002223     (7.398%)
a3              = -0.0226192       +/- 0.002437     (10.78%)
c1              = 8.88357          +/- 0.1035       (1.165%)
c2              = 11.1182          +/- 0.1692       (1.522%)

correlation matrix of the fit parameters:
                a1     a2     a3     c1     c2     
a1              1.000 
a2             -0.074  1.000 
a3             -0.000 -0.907  1.000 
c1             -0.470 -0.703  0.673  1.000 
c2             -0.000 -0.691  0.417  0.324  1.000 


*******************************************************************************
Tue Feb 16 01:24:50 2021


FIT:    data read from 'data/kalibrace_magnetu_Hallova_sonda.dat'     using 1:($2/10)
        format = x:z
        #datapoints = 32
        residuals are weighted equally (unit weight)

function used for fitting: B(x)
	B(x) = a1*x + (x > c1 ? a2*(x-c1) : 0) + (x > c2 ? a3*(x-c2) : 0)
fitted parameters initialized with current variable values

iter      chisq       delta/lim  lambda   a1            a2            a3            c1            c2           
   0 1.3412649000e-03   0.00e+00  3.41e-01    8.000000e-02  -3.000000e-02  -2.000000e-02   8.900000e+00   1.110000e+01
   5 3.6350107079e-04  -8.77e-06  3.41e-06    8.082001e-02  -3.004940e-02  -2.261916e-02   8.883574e+00   1.111819e+01

After 5 iterations the fit converged.
final sum of squares of residuals : 0.000363501
rel. change during last iteration : -8.77447e-11

degrees of freedom    (FIT_NDF)                        : 27
rms of residuals      (FIT_STDFIT) = sqrt(WSSR/ndf)    : 0.0036692
variance of residuals (reduced chisquare) = WSSR/ndf   : 1.3463e-05

Final set of parameters            Asymptotic Standard Error
=======================            ==========================
a1              = 0.08082          +/- 0.0001646    (0.2037%)
a2              = -0.0300494       +/- 0.002223     (7.398%)
a3              = -0.0226192       +/- 0.002437     (10.78%)
c1              = 8.88357          +/- 0.1035       (1.165%)
c2              = 11.1182          +/- 0.1692       (1.522%)

correlation matrix of the fit parameters:
                a1     a2     a3     c1     c2     
a1              1.000 
a2             -0.074  1.000 
a3             -0.000 -0.907  1.000 
c1             -0.470 -0.703  0.673  1.000 
c2             -0.000 -0.691  0.417  0.324  1.000 


*******************************************************************************
Tue Feb 16 01:24:50 2021


FIT:    data read from 'zprac2/lambdas.csv' using (B($1)):($4*0.0484*1000)
        format = x:z
        #datapoints = 10
        residuals are weighted equally (unit weight)

function used for fitting: f(x)
	f(x) = a*x
fitted parameters initialized with current variable values

iter      chisq       delta/lim  lambda   a            
   0 1.7661070215e+03   0.00e+00  7.29e-01    1.000000e+00
   4 1.2113790552e+00  -4.40e-10  7.29e-05    1.922149e+01

After 4 iterations the fit converged.
final sum of squares of residuals : 1.21138
rel. change during last iteration : -4.39918e-15

degrees of freedom    (FIT_NDF)                        : 9
rms of residuals      (FIT_STDFIT) = sqrt(WSSR/ndf)    : 0.366876
variance of residuals (reduced chisquare) = WSSR/ndf   : 0.134598

Final set of parameters            Asymptotic Standard Error
=======================            ==========================
a               = 19.2215          +/- 0.1591       (0.8279%)


*******************************************************************************
Tue Feb 16 01:27:02 2021


FIT:    data read from 'data/kalibrace_magnetu_Hallova_sonda.dat'     using 1:($2/10)
        format = x:z
        #datapoints = 32
        residuals are weighted equally (unit weight)

function used for fitting: B(x)
	B(x) = a1*x + (x > c1 ? a2*(x-c1) : 0) + (x > c2 ? a3*(x-c2) : 0)
fitted parameters initialized with current variable values

iter      chisq       delta/lim  lambda   a1            a2            a3            c1            c2           
   0 1.3412649000e-03   0.00e+00  3.41e-01    8.000000e-02  -3.000000e-02  -2.000000e-02   8.900000e+00   1.110000e+01
   5 3.6350107079e-04  -8.77e-06  3.41e-06    8.082001e-02  -3.004940e-02  -2.261916e-02   8.883574e+00   1.111819e+01

After 5 iterations the fit converged.
final sum of squares of residuals : 0.000363501
rel. change during last iteration : -8.77447e-11

degrees of freedom    (FIT_NDF)                        : 27
rms of residuals      (FIT_STDFIT) = sqrt(WSSR/ndf)    : 0.0036692
variance of residuals (reduced chisquare) = WSSR/ndf   : 1.3463e-05

Final set of parameters            Asymptotic Standard Error
=======================            ==========================
a1              = 0.08082          +/- 0.0001646    (0.2037%)
a2              = -0.0300494       +/- 0.002223     (7.398%)
a3              = -0.0226192       +/- 0.002437     (10.78%)
c1              = 8.88357          +/- 0.1035       (1.165%)
c2              = 11.1182          +/- 0.1692       (1.522%)

correlation matrix of the fit parameters:
                a1     a2     a3     c1     c2     
a1              1.000 
a2             -0.074  1.000 
a3             -0.000 -0.907  1.000 
c1             -0.470 -0.703  0.673  1.000 
c2             -0.000 -0.691  0.417  0.324  1.000 


*******************************************************************************
Tue Feb 16 01:27:03 2021


FIT:    data read from 'data/kalibrace_magnetu_Hallova_sonda.dat'     using 1:($2/10)
        format = x:z
        #datapoints = 32
        residuals are weighted equally (unit weight)

function used for fitting: B(x)
	B(x) = a1*x + (x > c1 ? a2*(x-c1) : 0) + (x > c2 ? a3*(x-c2) : 0)
fitted parameters initialized with current variable values

iter      chisq       delta/lim  lambda   a1            a2            a3            c1            c2           
   0 1.3412649000e-03   0.00e+00  3.41e-01    8.000000e-02  -3.000000e-02  -2.000000e-02   8.900000e+00   1.110000e+01
   5 3.6350107079e-04  -8.77e-06  3.41e-06    8.082001e-02  -3.004940e-02  -2.261916e-02   8.883574e+00   1.111819e+01

After 5 iterations the fit converged.
final sum of squares of residuals : 0.000363501
rel. change during last iteration : -8.77447e-11

degrees of freedom    (FIT_NDF)                        : 27
rms of residuals      (FIT_STDFIT) = sqrt(WSSR/ndf)    : 0.0036692
variance of residuals (reduced chisquare) = WSSR/ndf   : 1.3463e-05

Final set of parameters            Asymptotic Standard Error
=======================            ==========================
a1              = 0.08082          +/- 0.0001646    (0.2037%)
a2              = -0.0300494       +/- 0.002223     (7.398%)
a3              = -0.0226192       +/- 0.002437     (10.78%)
c1              = 8.88357          +/- 0.1035       (1.165%)
c2              = 11.1182          +/- 0.1692       (1.522%)

correlation matrix of the fit parameters:
                a1     a2     a3     c1     c2     
a1              1.000 
a2             -0.074  1.000 
a3             -0.000 -0.907  1.000 
c1             -0.470 -0.703  0.673  1.000 
c2             -0.000 -0.691  0.417  0.324  1.000 


*******************************************************************************
Tue Feb 16 01:27:03 2021


FIT:    data read from 'zprac2/lambdas.csv' using (B($1)):($4*0.0484*1000)
        format = x:z
        #datapoints = 10
        residuals are weighted equally (unit weight)

function used for fitting: f(x)
	f(x) = a*x
fitted parameters initialized with current variable values

iter      chisq       delta/lim  lambda   a            
   0 1.7661070215e+03   0.00e+00  7.29e-01    1.000000e+00
   4 1.2113790552e+00  -4.40e-10  7.29e-05    1.922149e+01

After 4 iterations the fit converged.
final sum of squares of residuals : 1.21138
rel. change during last iteration : -4.39918e-15

degrees of freedom    (FIT_NDF)                        : 9
rms of residuals      (FIT_STDFIT) = sqrt(WSSR/ndf)    : 0.366876
variance of residuals (reduced chisquare) = WSSR/ndf   : 0.134598

Final set of parameters            Asymptotic Standard Error
=======================            ==========================
a               = 19.2215          +/- 0.1591       (0.8279%)


*******************************************************************************
Tue Feb 16 01:27:18 2021


FIT:    data read from 'data/kalibrace_magnetu_Hallova_sonda.dat'     using 1:($2/10)
        format = x:z
        #datapoints = 32
        residuals are weighted equally (unit weight)

function used for fitting: B(x)
	B(x) = a1*x + (x > c1 ? a2*(x-c1) : 0) + (x > c2 ? a3*(x-c2) : 0)
fitted parameters initialized with current variable values

iter      chisq       delta/lim  lambda   a1            a2            a3            c1            c2           
   0 1.3412649000e-03   0.00e+00  3.41e-01    8.000000e-02  -3.000000e-02  -2.000000e-02   8.900000e+00   1.110000e+01
   5 3.6350107079e-04  -8.77e-06  3.41e-06    8.082001e-02  -3.004940e-02  -2.261916e-02   8.883574e+00   1.111819e+01

After 5 iterations the fit converged.
final sum of squares of residuals : 0.000363501
rel. change during last iteration : -8.77447e-11

degrees of freedom    (FIT_NDF)                        : 27
rms of residuals      (FIT_STDFIT) = sqrt(WSSR/ndf)    : 0.0036692
variance of residuals (reduced chisquare) = WSSR/ndf   : 1.3463e-05

Final set of parameters            Asymptotic Standard Error
=======================            ==========================
a1              = 0.08082          +/- 0.0001646    (0.2037%)
a2              = -0.0300494       +/- 0.002223     (7.398%)
a3              = -0.0226192       +/- 0.002437     (10.78%)
c1              = 8.88357          +/- 0.1035       (1.165%)
c2              = 11.1182          +/- 0.1692       (1.522%)

correlation matrix of the fit parameters:
                a1     a2     a3     c1     c2     
a1              1.000 
a2             -0.074  1.000 
a3             -0.000 -0.907  1.000 
c1             -0.470 -0.703  0.673  1.000 
c2             -0.000 -0.691  0.417  0.324  1.000 


*******************************************************************************
Tue Feb 16 01:27:18 2021


FIT:    data read from 'data/kalibrace_magnetu_Hallova_sonda.dat'     using 1:($2/10)
        format = x:z
        #datapoints = 32
        residuals are weighted equally (unit weight)

function used for fitting: B(x)
	B(x) = a1*x + (x > c1 ? a2*(x-c1) : 0) + (x > c2 ? a3*(x-c2) : 0)
fitted parameters initialized with current variable values

iter      chisq       delta/lim  lambda   a1            a2            a3            c1            c2           
   0 1.3412649000e-03   0.00e+00  3.41e-01    8.000000e-02  -3.000000e-02  -2.000000e-02   8.900000e+00   1.110000e+01
   5 3.6350107079e-04  -8.77e-06  3.41e-06    8.082001e-02  -3.004940e-02  -2.261916e-02   8.883574e+00   1.111819e+01

After 5 iterations the fit converged.
final sum of squares of residuals : 0.000363501
rel. change during last iteration : -8.77447e-11

degrees of freedom    (FIT_NDF)                        : 27
rms of residuals      (FIT_STDFIT) = sqrt(WSSR/ndf)    : 0.0036692
variance of residuals (reduced chisquare) = WSSR/ndf   : 1.3463e-05

Final set of parameters            Asymptotic Standard Error
=======================            ==========================
a1              = 0.08082          +/- 0.0001646    (0.2037%)
a2              = -0.0300494       +/- 0.002223     (7.398%)
a3              = -0.0226192       +/- 0.002437     (10.78%)
c1              = 8.88357          +/- 0.1035       (1.165%)
c2              = 11.1182          +/- 0.1692       (1.522%)

correlation matrix of the fit parameters:
                a1     a2     a3     c1     c2     
a1              1.000 
a2             -0.074  1.000 
a3             -0.000 -0.907  1.000 
c1             -0.470 -0.703  0.673  1.000 
c2             -0.000 -0.691  0.417  0.324  1.000 


*******************************************************************************
Tue Feb 16 01:27:19 2021


FIT:    data read from 'zprac2/lambdas.csv' using (B($1)):($4*0.0484*1000)
        format = x:z
        #datapoints = 10
        residuals are weighted equally (unit weight)

function used for fitting: f(x)
	f(x) = a*x
fitted parameters initialized with current variable values

iter      chisq       delta/lim  lambda   a            
   0 1.7661070215e+03   0.00e+00  7.29e-01    1.000000e+00
   4 1.2113790552e+00  -4.40e-10  7.29e-05    1.922149e+01

After 4 iterations the fit converged.
final sum of squares of residuals : 1.21138
rel. change during last iteration : -4.39918e-15

degrees of freedom    (FIT_NDF)                        : 9
rms of residuals      (FIT_STDFIT) = sqrt(WSSR/ndf)    : 0.366876
variance of residuals (reduced chisquare) = WSSR/ndf   : 0.134598

Final set of parameters            Asymptotic Standard Error
=======================            ==========================
a               = 19.2215          +/- 0.1591       (0.8279%)


*******************************************************************************
Tue Feb 16 01:28:03 2021


FIT:    data read from 'data/kalibrace_magnetu_Hallova_sonda.dat'     using 1:($2/10)
        format = x:z
        #datapoints = 32
        residuals are weighted equally (unit weight)

function used for fitting: B(x)
	B(x) = a1*x + (x > c1 ? a2*(x-c1) : 0) + (x > c2 ? a3*(x-c2) : 0)
fitted parameters initialized with current variable values

iter      chisq       delta/lim  lambda   a1            a2            a3            c1            c2           
   0 1.3412649000e-03   0.00e+00  3.41e-01    8.000000e-02  -3.000000e-02  -2.000000e-02   8.900000e+00   1.110000e+01
   5 3.6350107079e-04  -8.77e-06  3.41e-06    8.082001e-02  -3.004940e-02  -2.261916e-02   8.883574e+00   1.111819e+01

After 5 iterations the fit converged.
final sum of squares of residuals : 0.000363501
rel. change during last iteration : -8.77447e-11

degrees of freedom    (FIT_NDF)                        : 27
rms of residuals      (FIT_STDFIT) = sqrt(WSSR/ndf)    : 0.0036692
variance of residuals (reduced chisquare) = WSSR/ndf   : 1.3463e-05

Final set of parameters            Asymptotic Standard Error
=======================            ==========================
a1              = 0.08082          +/- 0.0001646    (0.2037%)
a2              = -0.0300494       +/- 0.002223     (7.398%)
a3              = -0.0226192       +/- 0.002437     (10.78%)
c1              = 8.88357          +/- 0.1035       (1.165%)
c2              = 11.1182          +/- 0.1692       (1.522%)

correlation matrix of the fit parameters:
                a1     a2     a3     c1     c2     
a1              1.000 
a2             -0.074  1.000 
a3             -0.000 -0.907  1.000 
c1             -0.470 -0.703  0.673  1.000 
c2             -0.000 -0.691  0.417  0.324  1.000 


*******************************************************************************
Tue Feb 16 01:28:03 2021


FIT:    data read from 'data/kalibrace_magnetu_Hallova_sonda.dat'     using 1:($2/10)
        format = x:z
        #datapoints = 32
        residuals are weighted equally (unit weight)

function used for fitting: B(x)
	B(x) = a1*x + (x > c1 ? a2*(x-c1) : 0) + (x > c2 ? a3*(x-c2) : 0)
fitted parameters initialized with current variable values

iter      chisq       delta/lim  lambda   a1            a2            a3            c1            c2           
   0 1.3412649000e-03   0.00e+00  3.41e-01    8.000000e-02  -3.000000e-02  -2.000000e-02   8.900000e+00   1.110000e+01
   5 3.6350107079e-04  -8.77e-06  3.41e-06    8.082001e-02  -3.004940e-02  -2.261916e-02   8.883574e+00   1.111819e+01

After 5 iterations the fit converged.
final sum of squares of residuals : 0.000363501
rel. change during last iteration : -8.77447e-11

degrees of freedom    (FIT_NDF)                        : 27
rms of residuals      (FIT_STDFIT) = sqrt(WSSR/ndf)    : 0.0036692
variance of residuals (reduced chisquare) = WSSR/ndf   : 1.3463e-05

Final set of parameters            Asymptotic Standard Error
=======================            ==========================
a1              = 0.08082          +/- 0.0001646    (0.2037%)
a2              = -0.0300494       +/- 0.002223     (7.398%)
a3              = -0.0226192       +/- 0.002437     (10.78%)
c1              = 8.88357          +/- 0.1035       (1.165%)
c2              = 11.1182          +/- 0.1692       (1.522%)

correlation matrix of the fit parameters:
                a1     a2     a3     c1     c2     
a1              1.000 
a2             -0.074  1.000 
a3             -0.000 -0.907  1.000 
c1             -0.470 -0.703  0.673  1.000 
c2             -0.000 -0.691  0.417  0.324  1.000 


*******************************************************************************
Tue Feb 16 01:28:03 2021


FIT:    data read from 'zprac2/lambdas.csv' using (B($1)):($4*0.0484*1000)
        format = x:z
        #datapoints = 10
        residuals are weighted equally (unit weight)

function used for fitting: f(x)
	f(x) = a*x
fitted parameters initialized with current variable values

iter      chisq       delta/lim  lambda   a            
   0 1.7661070215e+03   0.00e+00  7.29e-01    1.000000e+00
   4 1.2113790552e+00  -4.40e-10  7.29e-05    1.922149e+01

After 4 iterations the fit converged.
final sum of squares of residuals : 1.21138
rel. change during last iteration : -4.39918e-15

degrees of freedom    (FIT_NDF)                        : 9
rms of residuals      (FIT_STDFIT) = sqrt(WSSR/ndf)    : 0.366876
variance of residuals (reduced chisquare) = WSSR/ndf   : 0.134598

Final set of parameters            Asymptotic Standard Error
=======================            ==========================
a               = 19.2215          +/- 0.1591       (0.8279%)


*******************************************************************************
Tue Feb 16 02:29:43 2021


FIT:    data read from 'data/kalibrace_magnetu_Hallova_sonda.dat'     using 1:($2/10)
        format = x:z
        #datapoints = 32
        residuals are weighted equally (unit weight)

function used for fitting: B(x)
	B(x) = a1*x + (x > c1 ? a2*(x-c1) : 0) + (x > c2 ? a3*(x-c2) : 0)
fitted parameters initialized with current variable values

iter      chisq       delta/lim  lambda   a1            a2            a3            c1            c2           
   0 1.3412649000e-03   0.00e+00  3.41e-01    8.000000e-02  -3.000000e-02  -2.000000e-02   8.900000e+00   1.110000e+01
   5 3.6350107079e-04  -8.77e-06  3.41e-06    8.082001e-02  -3.004940e-02  -2.261916e-02   8.883574e+00   1.111819e+01

After 5 iterations the fit converged.
final sum of squares of residuals : 0.000363501
rel. change during last iteration : -8.77447e-11

degrees of freedom    (FIT_NDF)                        : 27
rms of residuals      (FIT_STDFIT) = sqrt(WSSR/ndf)    : 0.0036692
variance of residuals (reduced chisquare) = WSSR/ndf   : 1.3463e-05

Final set of parameters            Asymptotic Standard Error
=======================            ==========================
a1              = 0.08082          +/- 0.0001646    (0.2037%)
a2              = -0.0300494       +/- 0.002223     (7.398%)
a3              = -0.0226192       +/- 0.002437     (10.78%)
c1              = 8.88357          +/- 0.1035       (1.165%)
c2              = 11.1182          +/- 0.1692       (1.522%)

correlation matrix of the fit parameters:
                a1     a2     a3     c1     c2     
a1              1.000 
a2             -0.074  1.000 
a3             -0.000 -0.907  1.000 
c1             -0.470 -0.703  0.673  1.000 
c2             -0.000 -0.691  0.417  0.324  1.000 


*******************************************************************************
Tue Feb 16 02:29:43 2021


FIT:    data read from 'data/kalibrace_magnetu_Hallova_sonda.dat'     using 1:($2/10)
        format = x:z
        #datapoints = 32
        residuals are weighted equally (unit weight)

function used for fitting: B(x)
	B(x) = a1*x + (x > c1 ? a2*(x-c1) : 0) + (x > c2 ? a3*(x-c2) : 0)
fitted parameters initialized with current variable values

iter      chisq       delta/lim  lambda   a1            a2            a3            c1            c2           
   0 1.3412649000e-03   0.00e+00  3.41e-01    8.000000e-02  -3.000000e-02  -2.000000e-02   8.900000e+00   1.110000e+01
   5 3.6350107079e-04  -8.77e-06  3.41e-06    8.082001e-02  -3.004940e-02  -2.261916e-02   8.883574e+00   1.111819e+01

After 5 iterations the fit converged.
final sum of squares of residuals : 0.000363501
rel. change during last iteration : -8.77447e-11

degrees of freedom    (FIT_NDF)                        : 27
rms of residuals      (FIT_STDFIT) = sqrt(WSSR/ndf)    : 0.0036692
variance of residuals (reduced chisquare) = WSSR/ndf   : 1.3463e-05

Final set of parameters            Asymptotic Standard Error
=======================            ==========================
a1              = 0.08082          +/- 0.0001646    (0.2037%)
a2              = -0.0300494       +/- 0.002223     (7.398%)
a3              = -0.0226192       +/- 0.002437     (10.78%)
c1              = 8.88357          +/- 0.1035       (1.165%)
c2              = 11.1182          +/- 0.1692       (1.522%)

correlation matrix of the fit parameters:
                a1     a2     a3     c1     c2     
a1              1.000 
a2             -0.074  1.000 
a3             -0.000 -0.907  1.000 
c1             -0.470 -0.703  0.673  1.000 
c2             -0.000 -0.691  0.417  0.324  1.000 


*******************************************************************************
Tue Feb 16 02:29:43 2021


FIT:    data read from 'zprac2/lambdas.csv' using (B($1)):($4*0.0484*1000)
        format = x:z
        #datapoints = 10
        residuals are weighted equally (unit weight)

function used for fitting: f(x)
	f(x) = a*x
fitted parameters initialized with current variable values

iter      chisq       delta/lim  lambda   a            
   0 1.7661070215e+03   0.00e+00  7.29e-01    1.000000e+00
   4 1.2113790552e+00  -4.40e-10  7.29e-05    1.922149e+01

After 4 iterations the fit converged.
final sum of squares of residuals : 1.21138
rel. change during last iteration : -4.39918e-15

degrees of freedom    (FIT_NDF)                        : 9
rms of residuals      (FIT_STDFIT) = sqrt(WSSR/ndf)    : 0.366876
variance of residuals (reduced chisquare) = WSSR/ndf   : 0.134598

Final set of parameters            Asymptotic Standard Error
=======================            ==========================
a               = 19.2215          +/- 0.1591       (0.8279%)


*******************************************************************************
Tue Feb 16 02:31:07 2021


FIT:    data read from 'data/kalibrace_magnetu_Hallova_sonda.dat'     using 1:($2/10)
        format = x:z
        #datapoints = 32
        residuals are weighted equally (unit weight)

function used for fitting: B(x)
	B(x) = a1*x + (x > c1 ? a2*(x-c1) : 0) + (x > c2 ? a3*(x-c2) : 0)
fitted parameters initialized with current variable values

iter      chisq       delta/lim  lambda   a1            a2            a3            c1            c2           
   0 1.3412649000e-03   0.00e+00  3.41e-01    8.000000e-02  -3.000000e-02  -2.000000e-02   8.900000e+00   1.110000e+01
   5 3.6350107079e-04  -8.77e-06  3.41e-06    8.082001e-02  -3.004940e-02  -2.261916e-02   8.883574e+00   1.111819e+01

After 5 iterations the fit converged.
final sum of squares of residuals : 0.000363501
rel. change during last iteration : -8.77447e-11

degrees of freedom    (FIT_NDF)                        : 27
rms of residuals      (FIT_STDFIT) = sqrt(WSSR/ndf)    : 0.0036692
variance of residuals (reduced chisquare) = WSSR/ndf   : 1.3463e-05

Final set of parameters            Asymptotic Standard Error
=======================            ==========================
a1              = 0.08082          +/- 0.0001646    (0.2037%)
a2              = -0.0300494       +/- 0.002223     (7.398%)
a3              = -0.0226192       +/- 0.002437     (10.78%)
c1              = 8.88357          +/- 0.1035       (1.165%)
c2              = 11.1182          +/- 0.1692       (1.522%)

correlation matrix of the fit parameters:
                a1     a2     a3     c1     c2     
a1              1.000 
a2             -0.074  1.000 
a3             -0.000 -0.907  1.000 
c1             -0.470 -0.703  0.673  1.000 
c2             -0.000 -0.691  0.417  0.324  1.000 


*******************************************************************************
Tue Feb 16 02:31:08 2021


FIT:    data read from 'data/kalibrace_magnetu_Hallova_sonda.dat'     using 1:($2/10)
        format = x:z
        #datapoints = 32
        residuals are weighted equally (unit weight)

function used for fitting: B(x)
	B(x) = a1*x + (x > c1 ? a2*(x-c1) : 0) + (x > c2 ? a3*(x-c2) : 0)
fitted parameters initialized with current variable values

iter      chisq       delta/lim  lambda   a1            a2            a3            c1            c2           
   0 1.3412649000e-03   0.00e+00  3.41e-01    8.000000e-02  -3.000000e-02  -2.000000e-02   8.900000e+00   1.110000e+01
   5 3.6350107079e-04  -8.77e-06  3.41e-06    8.082001e-02  -3.004940e-02  -2.261916e-02   8.883574e+00   1.111819e+01

After 5 iterations the fit converged.
final sum of squares of residuals : 0.000363501
rel. change during last iteration : -8.77447e-11

degrees of freedom    (FIT_NDF)                        : 27
rms of residuals      (FIT_STDFIT) = sqrt(WSSR/ndf)    : 0.0036692
variance of residuals (reduced chisquare) = WSSR/ndf   : 1.3463e-05

Final set of parameters            Asymptotic Standard Error
=======================            ==========================
a1              = 0.08082          +/- 0.0001646    (0.2037%)
a2              = -0.0300494       +/- 0.002223     (7.398%)
a3              = -0.0226192       +/- 0.002437     (10.78%)
c1              = 8.88357          +/- 0.1035       (1.165%)
c2              = 11.1182          +/- 0.1692       (1.522%)

correlation matrix of the fit parameters:
                a1     a2     a3     c1     c2     
a1              1.000 
a2             -0.074  1.000 
a3             -0.000 -0.907  1.000 
c1             -0.470 -0.703  0.673  1.000 
c2             -0.000 -0.691  0.417  0.324  1.000 


*******************************************************************************
Tue Feb 16 02:31:08 2021


FIT:    data read from 'zprac2/lambdas.csv' using (B($1)):($4*0.0484*1000)
        format = x:z
        #datapoints = 10
        residuals are weighted equally (unit weight)

function used for fitting: f(x)
	f(x) = a*x
fitted parameters initialized with current variable values

iter      chisq       delta/lim  lambda   a            
   0 1.7661070215e+03   0.00e+00  7.29e-01    1.000000e+00
   4 1.2113790552e+00  -4.40e-10  7.29e-05    1.922149e+01

After 4 iterations the fit converged.
final sum of squares of residuals : 1.21138
rel. change during last iteration : -4.39918e-15

degrees of freedom    (FIT_NDF)                        : 9
rms of residuals      (FIT_STDFIT) = sqrt(WSSR/ndf)    : 0.366876
variance of residuals (reduced chisquare) = WSSR/ndf   : 0.134598

Final set of parameters            Asymptotic Standard Error
=======================            ==========================
a               = 19.2215          +/- 0.1591       (0.8279%)


*******************************************************************************
Tue Feb 16 02:34:24 2021


FIT:    data read from 'data/kalibrace_magnetu_Hallova_sonda.dat'     using 1:($2/10)
        format = x:z
        #datapoints = 32
        residuals are weighted equally (unit weight)

function used for fitting: B(x)
	B(x) = a1*x + (x > c1 ? a2*(x-c1) : 0) + (x > c2 ? a3*(x-c2) : 0)
fitted parameters initialized with current variable values

iter      chisq       delta/lim  lambda   a1            a2            a3            c1            c2           
   0 1.3412649000e-03   0.00e+00  3.41e-01    8.000000e-02  -3.000000e-02  -2.000000e-02   8.900000e+00   1.110000e+01
   5 3.6350107079e-04  -8.77e-06  3.41e-06    8.082001e-02  -3.004940e-02  -2.261916e-02   8.883574e+00   1.111819e+01

After 5 iterations the fit converged.
final sum of squares of residuals : 0.000363501
rel. change during last iteration : -8.77447e-11

degrees of freedom    (FIT_NDF)                        : 27
rms of residuals      (FIT_STDFIT) = sqrt(WSSR/ndf)    : 0.0036692
variance of residuals (reduced chisquare) = WSSR/ndf   : 1.3463e-05

Final set of parameters            Asymptotic Standard Error
=======================            ==========================
a1              = 0.08082          +/- 0.0001646    (0.2037%)
a2              = -0.0300494       +/- 0.002223     (7.398%)
a3              = -0.0226192       +/- 0.002437     (10.78%)
c1              = 8.88357          +/- 0.1035       (1.165%)
c2              = 11.1182          +/- 0.1692       (1.522%)

correlation matrix of the fit parameters:
                a1     a2     a3     c1     c2     
a1              1.000 
a2             -0.074  1.000 
a3             -0.000 -0.907  1.000 
c1             -0.470 -0.703  0.673  1.000 
c2             -0.000 -0.691  0.417  0.324  1.000 


*******************************************************************************
Tue Feb 16 02:34:24 2021


FIT:    data read from 'data/kalibrace_magnetu_Hallova_sonda.dat'     using 1:($2/10)
        format = x:z
        #datapoints = 32
        residuals are weighted equally (unit weight)

function used for fitting: B(x)
	B(x) = a1*x + (x > c1 ? a2*(x-c1) : 0) + (x > c2 ? a3*(x-c2) : 0)
fitted parameters initialized with current variable values

iter      chisq       delta/lim  lambda   a1            a2            a3            c1            c2           
   0 1.3412649000e-03   0.00e+00  3.41e-01    8.000000e-02  -3.000000e-02  -2.000000e-02   8.900000e+00   1.110000e+01
   5 3.6350107079e-04  -8.77e-06  3.41e-06    8.082001e-02  -3.004940e-02  -2.261916e-02   8.883574e+00   1.111819e+01

After 5 iterations the fit converged.
final sum of squares of residuals : 0.000363501
rel. change during last iteration : -8.77447e-11

degrees of freedom    (FIT_NDF)                        : 27
rms of residuals      (FIT_STDFIT) = sqrt(WSSR/ndf)    : 0.0036692
variance of residuals (reduced chisquare) = WSSR/ndf   : 1.3463e-05

Final set of parameters            Asymptotic Standard Error
=======================            ==========================
a1              = 0.08082          +/- 0.0001646    (0.2037%)
a2              = -0.0300494       +/- 0.002223     (7.398%)
a3              = -0.0226192       +/- 0.002437     (10.78%)
c1              = 8.88357          +/- 0.1035       (1.165%)
c2              = 11.1182          +/- 0.1692       (1.522%)

correlation matrix of the fit parameters:
                a1     a2     a3     c1     c2     
a1              1.000 
a2             -0.074  1.000 
a3             -0.000 -0.907  1.000 
c1             -0.470 -0.703  0.673  1.000 
c2             -0.000 -0.691  0.417  0.324  1.000 


*******************************************************************************
Tue Feb 16 02:34:24 2021


FIT:    data read from 'zprac2/lambdas.csv' using (B($1)):($4*0.0484*1000)
        format = x:z
        #datapoints = 10
        residuals are weighted equally (unit weight)

function used for fitting: f(x)
	f(x) = a*x
fitted parameters initialized with current variable values

iter      chisq       delta/lim  lambda   a            
   0 1.7661070215e+03   0.00e+00  7.29e-01    1.000000e+00
   4 1.2113790552e+00  -4.40e-10  7.29e-05    1.922149e+01

After 4 iterations the fit converged.
final sum of squares of residuals : 1.21138
rel. change during last iteration : -4.39918e-15

degrees of freedom    (FIT_NDF)                        : 9
rms of residuals      (FIT_STDFIT) = sqrt(WSSR/ndf)    : 0.366876
variance of residuals (reduced chisquare) = WSSR/ndf   : 0.134598

Final set of parameters            Asymptotic Standard Error
=======================            ==========================
a               = 19.2215          +/- 0.1591       (0.8279%)


*******************************************************************************
Tue Feb 16 02:35:28 2021


FIT:    data read from 'data/kalibrace_magnetu_Hallova_sonda.dat'     using 1:($2/10)
        format = x:z
        #datapoints = 32
        residuals are weighted equally (unit weight)

function used for fitting: B(x)
	B(x) = a1*x + (x > c1 ? a2*(x-c1) : 0) + (x > c2 ? a3*(x-c2) : 0)
fitted parameters initialized with current variable values

iter      chisq       delta/lim  lambda   a1            a2            a3            c1            c2           
   0 1.3412649000e-03   0.00e+00  3.41e-01    8.000000e-02  -3.000000e-02  -2.000000e-02   8.900000e+00   1.110000e+01
   5 3.6350107079e-04  -8.77e-06  3.41e-06    8.082001e-02  -3.004940e-02  -2.261916e-02   8.883574e+00   1.111819e+01

After 5 iterations the fit converged.
final sum of squares of residuals : 0.000363501
rel. change during last iteration : -8.77447e-11

degrees of freedom    (FIT_NDF)                        : 27
rms of residuals      (FIT_STDFIT) = sqrt(WSSR/ndf)    : 0.0036692
variance of residuals (reduced chisquare) = WSSR/ndf   : 1.3463e-05

Final set of parameters            Asymptotic Standard Error
=======================            ==========================
a1              = 0.08082          +/- 0.0001646    (0.2037%)
a2              = -0.0300494       +/- 0.002223     (7.398%)
a3              = -0.0226192       +/- 0.002437     (10.78%)
c1              = 8.88357          +/- 0.1035       (1.165%)
c2              = 11.1182          +/- 0.1692       (1.522%)

correlation matrix of the fit parameters:
                a1     a2     a3     c1     c2     
a1              1.000 
a2             -0.074  1.000 
a3             -0.000 -0.907  1.000 
c1             -0.470 -0.703  0.673  1.000 
c2             -0.000 -0.691  0.417  0.324  1.000 


*******************************************************************************
Tue Feb 16 02:35:29 2021


FIT:    data read from 'data/kalibrace_magnetu_Hallova_sonda.dat'     using 1:($2/10)
        format = x:z
        #datapoints = 32
        residuals are weighted equally (unit weight)

function used for fitting: B(x)
	B(x) = a1*x + (x > c1 ? a2*(x-c1) : 0) + (x > c2 ? a3*(x-c2) : 0)
fitted parameters initialized with current variable values

iter      chisq       delta/lim  lambda   a1            a2            a3            c1            c2           
   0 1.3412649000e-03   0.00e+00  3.41e-01    8.000000e-02  -3.000000e-02  -2.000000e-02   8.900000e+00   1.110000e+01
   5 3.6350107079e-04  -8.77e-06  3.41e-06    8.082001e-02  -3.004940e-02  -2.261916e-02   8.883574e+00   1.111819e+01

After 5 iterations the fit converged.
final sum of squares of residuals : 0.000363501
rel. change during last iteration : -8.77447e-11

degrees of freedom    (FIT_NDF)                        : 27
rms of residuals      (FIT_STDFIT) = sqrt(WSSR/ndf)    : 0.0036692
variance of residuals (reduced chisquare) = WSSR/ndf   : 1.3463e-05

Final set of parameters            Asymptotic Standard Error
=======================            ==========================
a1              = 0.08082          +/- 0.0001646    (0.2037%)
a2              = -0.0300494       +/- 0.002223     (7.398%)
a3              = -0.0226192       +/- 0.002437     (10.78%)
c1              = 8.88357          +/- 0.1035       (1.165%)
c2              = 11.1182          +/- 0.1692       (1.522%)

correlation matrix of the fit parameters:
                a1     a2     a3     c1     c2     
a1              1.000 
a2             -0.074  1.000 
a3             -0.000 -0.907  1.000 
c1             -0.470 -0.703  0.673  1.000 
c2             -0.000 -0.691  0.417  0.324  1.000 


*******************************************************************************
Tue Feb 16 02:35:29 2021


FIT:    data read from 'zprac2/lambdas.csv' using (B($1)):($4*0.0484*1000)
        format = x:z
        #datapoints = 10
        residuals are weighted equally (unit weight)

function used for fitting: f(x)
	f(x) = a*x
fitted parameters initialized with current variable values

iter      chisq       delta/lim  lambda   a            
   0 1.7661070215e+03   0.00e+00  7.29e-01    1.000000e+00
   4 1.2113790552e+00  -4.40e-10  7.29e-05    1.922149e+01

After 4 iterations the fit converged.
final sum of squares of residuals : 1.21138
rel. change during last iteration : -4.39918e-15

degrees of freedom    (FIT_NDF)                        : 9
rms of residuals      (FIT_STDFIT) = sqrt(WSSR/ndf)    : 0.366876
variance of residuals (reduced chisquare) = WSSR/ndf   : 0.134598

Final set of parameters            Asymptotic Standard Error
=======================            ==========================
a               = 19.2215          +/- 0.1591       (0.8279%)


*******************************************************************************
Tue Feb 16 02:36:11 2021


FIT:    data read from 'data/kalibrace_magnetu_Hallova_sonda.dat'     using 1:($2/10)
        format = x:z
        #datapoints = 32
        residuals are weighted equally (unit weight)

function used for fitting: B(x)
	B(x) = a1*x + (x > c1 ? a2*(x-c1) : 0) + (x > c2 ? a3*(x-c2) : 0)
fitted parameters initialized with current variable values

iter      chisq       delta/lim  lambda   a1            a2            a3            c1            c2           
   0 1.3412649000e-03   0.00e+00  3.41e-01    8.000000e-02  -3.000000e-02  -2.000000e-02   8.900000e+00   1.110000e+01
   5 3.6350107079e-04  -8.77e-06  3.41e-06    8.082001e-02  -3.004940e-02  -2.261916e-02   8.883574e+00   1.111819e+01

After 5 iterations the fit converged.
final sum of squares of residuals : 0.000363501
rel. change during last iteration : -8.77447e-11

degrees of freedom    (FIT_NDF)                        : 27
rms of residuals      (FIT_STDFIT) = sqrt(WSSR/ndf)    : 0.0036692
variance of residuals (reduced chisquare) = WSSR/ndf   : 1.3463e-05

Final set of parameters            Asymptotic Standard Error
=======================            ==========================
a1              = 0.08082          +/- 0.0001646    (0.2037%)
a2              = -0.0300494       +/- 0.002223     (7.398%)
a3              = -0.0226192       +/- 0.002437     (10.78%)
c1              = 8.88357          +/- 0.1035       (1.165%)
c2              = 11.1182          +/- 0.1692       (1.522%)

correlation matrix of the fit parameters:
                a1     a2     a3     c1     c2     
a1              1.000 
a2             -0.074  1.000 
a3             -0.000 -0.907  1.000 
c1             -0.470 -0.703  0.673  1.000 
c2             -0.000 -0.691  0.417  0.324  1.000 


*******************************************************************************
Tue Feb 16 02:36:11 2021


FIT:    data read from 'data/kalibrace_magnetu_Hallova_sonda.dat'     using 1:($2/10)
        format = x:z
        #datapoints = 32
        residuals are weighted equally (unit weight)

function used for fitting: B(x)
	B(x) = a1*x + (x > c1 ? a2*(x-c1) : 0) + (x > c2 ? a3*(x-c2) : 0)
fitted parameters initialized with current variable values

iter      chisq       delta/lim  lambda   a1            a2            a3            c1            c2           
   0 1.3412649000e-03   0.00e+00  3.41e-01    8.000000e-02  -3.000000e-02  -2.000000e-02   8.900000e+00   1.110000e+01
   5 3.6350107079e-04  -8.77e-06  3.41e-06    8.082001e-02  -3.004940e-02  -2.261916e-02   8.883574e+00   1.111819e+01

After 5 iterations the fit converged.
final sum of squares of residuals : 0.000363501
rel. change during last iteration : -8.77447e-11

degrees of freedom    (FIT_NDF)                        : 27
rms of residuals      (FIT_STDFIT) = sqrt(WSSR/ndf)    : 0.0036692
variance of residuals (reduced chisquare) = WSSR/ndf   : 1.3463e-05

Final set of parameters            Asymptotic Standard Error
=======================            ==========================
a1              = 0.08082          +/- 0.0001646    (0.2037%)
a2              = -0.0300494       +/- 0.002223     (7.398%)
a3              = -0.0226192       +/- 0.002437     (10.78%)
c1              = 8.88357          +/- 0.1035       (1.165%)
c2              = 11.1182          +/- 0.1692       (1.522%)

correlation matrix of the fit parameters:
                a1     a2     a3     c1     c2     
a1              1.000 
a2             -0.074  1.000 
a3             -0.000 -0.907  1.000 
c1             -0.470 -0.703  0.673  1.000 
c2             -0.000 -0.691  0.417  0.324  1.000 


*******************************************************************************
Tue Feb 16 02:36:11 2021


FIT:    data read from 'zprac2/lambdas.csv' using (B($1)):($4*0.0484*1000)
        format = x:z
        #datapoints = 10
        residuals are weighted equally (unit weight)

function used for fitting: f(x)
	f(x) = a*x
fitted parameters initialized with current variable values

iter      chisq       delta/lim  lambda   a            
   0 1.7661070215e+03   0.00e+00  7.29e-01    1.000000e+00
   4 1.2113790552e+00  -4.40e-10  7.29e-05    1.922149e+01

After 4 iterations the fit converged.
final sum of squares of residuals : 1.21138
rel. change during last iteration : -4.39918e-15

degrees of freedom    (FIT_NDF)                        : 9
rms of residuals      (FIT_STDFIT) = sqrt(WSSR/ndf)    : 0.366876
variance of residuals (reduced chisquare) = WSSR/ndf   : 0.134598

Final set of parameters            Asymptotic Standard Error
=======================            ==========================
a               = 19.2215          +/- 0.1591       (0.8279%)


*******************************************************************************
Tue Feb 16 02:36:57 2021


FIT:    data read from 'data/kalibrace_magnetu_Hallova_sonda.dat'     using 1:($2/10)
        format = x:z
        #datapoints = 32
        residuals are weighted equally (unit weight)

function used for fitting: B(x)
	B(x) = a1*x + (x > c1 ? a2*(x-c1) : 0) + (x > c2 ? a3*(x-c2) : 0)
fitted parameters initialized with current variable values

iter      chisq       delta/lim  lambda   a1            a2            a3            c1            c2           
   0 1.3412649000e-03   0.00e+00  3.41e-01    8.000000e-02  -3.000000e-02  -2.000000e-02   8.900000e+00   1.110000e+01
   5 3.6350107079e-04  -8.77e-06  3.41e-06    8.082001e-02  -3.004940e-02  -2.261916e-02   8.883574e+00   1.111819e+01

After 5 iterations the fit converged.
final sum of squares of residuals : 0.000363501
rel. change during last iteration : -8.77447e-11

degrees of freedom    (FIT_NDF)                        : 27
rms of residuals      (FIT_STDFIT) = sqrt(WSSR/ndf)    : 0.0036692
variance of residuals (reduced chisquare) = WSSR/ndf   : 1.3463e-05

Final set of parameters            Asymptotic Standard Error
=======================            ==========================
a1              = 0.08082          +/- 0.0001646    (0.2037%)
a2              = -0.0300494       +/- 0.002223     (7.398%)
a3              = -0.0226192       +/- 0.002437     (10.78%)
c1              = 8.88357          +/- 0.1035       (1.165%)
c2              = 11.1182          +/- 0.1692       (1.522%)

correlation matrix of the fit parameters:
                a1     a2     a3     c1     c2     
a1              1.000 
a2             -0.074  1.000 
a3             -0.000 -0.907  1.000 
c1             -0.470 -0.703  0.673  1.000 
c2             -0.000 -0.691  0.417  0.324  1.000 


*******************************************************************************
Tue Feb 16 02:36:58 2021


FIT:    data read from 'data/kalibrace_magnetu_Hallova_sonda.dat'     using 1:($2/10)
        format = x:z
        #datapoints = 32
        residuals are weighted equally (unit weight)

function used for fitting: B(x)
	B(x) = a1*x + (x > c1 ? a2*(x-c1) : 0) + (x > c2 ? a3*(x-c2) : 0)
fitted parameters initialized with current variable values

iter      chisq       delta/lim  lambda   a1            a2            a3            c1            c2           
   0 1.3412649000e-03   0.00e+00  3.41e-01    8.000000e-02  -3.000000e-02  -2.000000e-02   8.900000e+00   1.110000e+01
   5 3.6350107079e-04  -8.77e-06  3.41e-06    8.082001e-02  -3.004940e-02  -2.261916e-02   8.883574e+00   1.111819e+01

After 5 iterations the fit converged.
final sum of squares of residuals : 0.000363501
rel. change during last iteration : -8.77447e-11

degrees of freedom    (FIT_NDF)                        : 27
rms of residuals      (FIT_STDFIT) = sqrt(WSSR/ndf)    : 0.0036692
variance of residuals (reduced chisquare) = WSSR/ndf   : 1.3463e-05

Final set of parameters            Asymptotic Standard Error
=======================            ==========================
a1              = 0.08082          +/- 0.0001646    (0.2037%)
a2              = -0.0300494       +/- 0.002223     (7.398%)
a3              = -0.0226192       +/- 0.002437     (10.78%)
c1              = 8.88357          +/- 0.1035       (1.165%)
c2              = 11.1182          +/- 0.1692       (1.522%)

correlation matrix of the fit parameters:
                a1     a2     a3     c1     c2     
a1              1.000 
a2             -0.074  1.000 
a3             -0.000 -0.907  1.000 
c1             -0.470 -0.703  0.673  1.000 
c2             -0.000 -0.691  0.417  0.324  1.000 


*******************************************************************************
Tue Feb 16 02:36:58 2021


FIT:    data read from 'zprac2/lambdas.csv' using (B($1)):($4*0.0484*1000)
        format = x:z
        #datapoints = 10
        residuals are weighted equally (unit weight)

function used for fitting: f(x)
	f(x) = a*x
fitted parameters initialized with current variable values

iter      chisq       delta/lim  lambda   a            
   0 1.7661070215e+03   0.00e+00  7.29e-01    1.000000e+00
   4 1.2113790552e+00  -4.40e-10  7.29e-05    1.922149e+01

After 4 iterations the fit converged.
final sum of squares of residuals : 1.21138
rel. change during last iteration : -4.39918e-15

degrees of freedom    (FIT_NDF)                        : 9
rms of residuals      (FIT_STDFIT) = sqrt(WSSR/ndf)    : 0.366876
variance of residuals (reduced chisquare) = WSSR/ndf   : 0.134598

Final set of parameters            Asymptotic Standard Error
=======================            ==========================
a               = 19.2215          +/- 0.1591       (0.8279%)
